2021-11-03T05:54:43+00:00 CRITICAL Uncaught ArgumentCountError: 3 arguments are required, 2 given in C:\xampp\htdocs\compworld\wp-admin\includes\class-bulk-upgrader-skin.php:152
Stack trace:
#0 C:\xampp\htdocs\compworld\wp-admin\includes\class-bulk-upgrader-skin.php(152): sprintf('%1$s installed ...', 'Contact Form 7')
#1 C:\xampp\htdocs\compworld\wp-content\themes\flatsome\inc\classes\class-tgm-plugin-activation.php(3638): Bulk_Upgrader_Skin->after('Contact Form 7')
#2 C:\xampp\htdocs\compworld\wp-admin\includes\class-wp-upgrader.php(823): TGMPA_Bulk_Installer_Skin->after()
#3 C:\xampp\htdocs\compworld\wp-content\themes\flatsome\inc\classes\class-tgm-plugin-activation.php(3258): WP_Upgrader->run(Array)
#4 C:\xampp\htdocs\compworld\wp-content\themes\flatsome\inc\classes\class-tgm-plugin-activation.php(3371): TGMPA_Bulk_Installer->run(Array)
#5 C:\xampp\htdocs\compworld\wp-content\themes\flatsome\inc\classes\class-tgm-plugin-activation.php(2977): TGMPA_Bulk_Installer->bulk_install(Array)
#6 C:\xampp\htdocs\compworld\wp-content\themes\flatsome\inc\classes\class-tgm-plugin-activation.php(743): TGMPA_List_Table->process_bulk_actions()
#7 C:\xampp\htdocs\compworld\wp-includes\class-wp-hook.php(303): TGM_Plugin_Activation->install_plugins_page('')
#8 C:\xampp\htdocs\compworld\wp-includes\class-wp-hook.php(327): WP_Hook->apply_filters('', Array)
#9 C:\xampp\htdocs\compworld\wp-includes\plugin.php(470): WP_Hook->do_action(Array)
#10 C:\xampp\htdocs\compworld\wp-admin\admin.php(259): do_action('appearance_page...')
#11 C:\xampp\htdocs\compworld\wp-admin\themes.php(10): require_once('C:\\xampp\\htdocs...')
#12 {main}
  thrown in C:\xampp\htdocs\compworld\wp-admin\includes\class-bulk-upgrader-skin.php on line 152

2021-11-03T05:54:53+00:00 CRITICAL Uncaught ArgumentCountError: 3 arguments are required, 2 given in C:\xampp\htdocs\compworld\wp-admin\includes\class-bulk-upgrader-skin.php:152
Stack trace:
#0 C:\xampp\htdocs\compworld\wp-admin\includes\class-bulk-upgrader-skin.php(152): sprintf('%1$s installed ...', 'Nextend Social ...')
#1 C:\xampp\htdocs\compworld\wp-content\themes\flatsome\inc\classes\class-tgm-plugin-activation.php(3638): Bulk_Upgrader_Skin->after('Nextend Social ...')
#2 C:\xampp\htdocs\compworld\wp-admin\includes\class-wp-upgrader.php(823): TGMPA_Bulk_Installer_Skin->after()
#3 C:\xampp\htdocs\compworld\wp-content\themes\flatsome\inc\classes\class-tgm-plugin-activation.php(3258): WP_Upgrader->run(Array)
#4 C:\xampp\htdocs\compworld\wp-content\themes\flatsome\inc\classes\class-tgm-plugin-activation.php(3371): TGMPA_Bulk_Installer->run(Array)
#5 C:\xampp\htdocs\compworld\wp-content\themes\flatsome\inc\classes\class-tgm-plugin-activation.php(2977): TGMPA_Bulk_Installer->bulk_install(Array)
#6 C:\xampp\htdocs\compworld\wp-content\themes\flatsome\inc\classes\class-tgm-plugin-activation.php(743): TGMPA_List_Table->process_bulk_actions()
#7 C:\xampp\htdocs\compworld\wp-includes\class-wp-hook.php(303): TGM_Plugin_Activation->install_plugins_page('')
#8 C:\xampp\htdocs\compworld\wp-includes\class-wp-hook.php(327): WP_Hook->apply_filters('', Array)
#9 C:\xampp\htdocs\compworld\wp-includes\plugin.php(470): WP_Hook->do_action(Array)
#10 C:\xampp\htdocs\compworld\wp-admin\admin.php(259): do_action('appearance_page...')
#11 C:\xampp\htdocs\compworld\wp-admin\themes.php(10): require_once('C:\\xampp\\htdocs...')
#12 {main}
  thrown in C:\xampp\htdocs\compworld\wp-admin\includes\class-bulk-upgrader-skin.php on line 152

2021-11-03T05:55:01+00:00 CRITICAL Uncaught ArgumentCountError: 3 arguments are required, 2 given in C:\xampp\htdocs\compworld\wp-admin\includes\class-bulk-upgrader-skin.php:152
Stack trace:
#0 C:\xampp\htdocs\compworld\wp-admin\includes\class-bulk-upgrader-skin.php(152): sprintf('%1$s installed ...', 'Unlimited Sideb...')
#1 C:\xampp\htdocs\compworld\wp-content\themes\flatsome\inc\classes\class-tgm-plugin-activation.php(3638): Bulk_Upgrader_Skin->after('Unlimited Sideb...')
#2 C:\xampp\htdocs\compworld\wp-admin\includes\class-wp-upgrader.php(823): TGMPA_Bulk_Installer_Skin->after()
#3 C:\xampp\htdocs\compworld\wp-content\themes\flatsome\inc\classes\class-tgm-plugin-activation.php(3258): WP_Upgrader->run(Array)
#4 C:\xampp\htdocs\compworld\wp-content\themes\flatsome\inc\classes\class-tgm-plugin-activation.php(3371): TGMPA_Bulk_Installer->run(Array)
#5 C:\xampp\htdocs\compworld\wp-content\themes\flatsome\inc\classes\class-tgm-plugin-activation.php(2977): TGMPA_Bulk_Installer->bulk_install(Array)
#6 C:\xampp\htdocs\compworld\wp-content\themes\flatsome\inc\classes\class-tgm-plugin-activation.php(743): TGMPA_List_Table->process_bulk_actions()
#7 C:\xampp\htdocs\compworld\wp-includes\class-wp-hook.php(303): TGM_Plugin_Activation->install_plugins_page('')
#8 C:\xampp\htdocs\compworld\wp-includes\class-wp-hook.php(327): WP_Hook->apply_filters('', Array)
#9 C:\xampp\htdocs\compworld\wp-includes\plugin.php(470): WP_Hook->do_action(Array)
#10 C:\xampp\htdocs\compworld\wp-admin\admin.php(259): do_action('appearance_page...')
#11 C:\xampp\htdocs\compworld\wp-admin\themes.php(10): require_once('C:\\xampp\\htdocs...')
#12 {main}
  thrown in C:\xampp\htdocs\compworld\wp-admin\includes\class-bulk-upgrader-skin.php on line 152

2021-11-03T05:55:03+00:00 CRITICAL Uncaught ValueError: Unknown format specifier "a" in C:\xampp\htdocs\compworld\wp-content\plugins\woosidebars\classes\class-woo-sidebars.php:170
Stack trace:
#0 C:\xampp\htdocs\compworld\wp-content\plugins\woosidebars\classes\class-woo-sidebars.php(170): sprintf('Search %a', 'Widget Areas')
#1 C:\xampp\htdocs\compworld\wp-includes\class-wp-hook.php(303): Woo_Sidebars->register_post_type('')
#2 C:\xampp\htdocs\compworld\wp-includes\class-wp-hook.php(327): WP_Hook->apply_filters(NULL, Array)
#3 C:\xampp\htdocs\compworld\wp-includes\plugin.php(470): WP_Hook->do_action(Array)
#4 C:\xampp\htdocs\compworld\wp-settings.php(578): do_action('init')
#5 C:\xampp\htdocs\compworld\wp-config.php(93): require_once('C:\\xampp\\htdocs...')
#6 C:\xampp\htdocs\compworld\wp-load.php(50): require_once('C:\\xampp\\htdocs...')
#7 C:\xampp\htdocs\compworld\wp-admin\admin-ajax.php(22): require_once('C:\\xampp\\htdocs...')
#8 {main}
  thrown in C:\xampp\htdocs\compworld\wp-content\plugins\woosidebars\classes\class-woo-sidebars.php on line 170

2021-11-03T05:55:04+00:00 CRITICAL Uncaught ValueError: Unknown format specifier "a" in C:\xampp\htdocs\compworld\wp-content\plugins\woosidebars\classes\class-woo-sidebars.php:170
Stack trace:
#0 C:\xampp\htdocs\compworld\wp-content\plugins\woosidebars\classes\class-woo-sidebars.php(170): sprintf('Search %a', 'Widget Areas')
#1 C:\xampp\htdocs\compworld\wp-includes\class-wp-hook.php(303): Woo_Sidebars->register_post_type('')
#2 C:\xampp\htdocs\compworld\wp-includes\class-wp-hook.php(327): WP_Hook->apply_filters(NULL, Array)
#3 C:\xampp\htdocs\compworld\wp-includes\plugin.php(470): WP_Hook->do_action(Array)
#4 C:\xampp\htdocs\compworld\wp-settings.php(578): do_action('init')
#5 C:\xampp\htdocs\compworld\wp-config.php(93): require_once('C:\\xampp\\htdocs...')
#6 C:\xampp\htdocs\compworld\wp-load.php(50): require_once('C:\\xampp\\htdocs...')
#7 C:\xampp\htdocs\compworld\wp-admin\admin-ajax.php(22): require_once('C:\\xampp\\htdocs...')
#8 {main}
  thrown in C:\xampp\htdocs\compworld\wp-content\plugins\woosidebars\classes\class-woo-sidebars.php on line 170

2021-11-03T05:55:05+00:00 CRITICAL Uncaught ValueError: Unknown format specifier "a" in C:\xampp\htdocs\compworld\wp-content\plugins\woosidebars\classes\class-woo-sidebars.php:170
Stack trace:
#0 C:\xampp\htdocs\compworld\wp-content\plugins\woosidebars\classes\class-woo-sidebars.php(170): sprintf('Search %a', 'Widget Areas')
#1 C:\xampp\htdocs\compworld\wp-includes\class-wp-hook.php(303): Woo_Sidebars->register_post_type('')
#2 C:\xampp\htdocs\compworld\wp-includes\class-wp-hook.php(327): WP_Hook->apply_filters(NULL, Array)
#3 C:\xampp\htdocs\compworld\wp-includes\plugin.php(470): WP_Hook->do_action(Array)
#4 C:\xampp\htdocs\compworld\wp-settings.php(578): do_action('init')
#5 C:\xampp\htdocs\compworld\wp-config.php(93): require_once('C:\\xampp\\htdocs...')
#6 C:\xampp\htdocs\compworld\wp-load.php(50): require_once('C:\\xampp\\htdocs...')
#7 C:\xampp\htdocs\compworld\wp-admin\admin.php(34): require_once('C:\\xampp\\htdocs...')
#8 {main}
  thrown in C:\xampp\htdocs\compworld\wp-content\plugins\woosidebars\classes\class-woo-sidebars.php on line 170

2021-11-03T05:55:54+00:00 CRITICAL Uncaught ValueError: Unknown format specifier "a" in C:\xampp\htdocs\compworld\wp-content\plugins\woosidebars\classes\class-woo-sidebars.php:170
Stack trace:
#0 C:\xampp\htdocs\compworld\wp-content\plugins\woosidebars\classes\class-woo-sidebars.php(170): sprintf('Search %a', 'Widget Areas')
#1 C:\xampp\htdocs\compworld\wp-includes\class-wp-hook.php(303): Woo_Sidebars->register_post_type('')
#2 C:\xampp\htdocs\compworld\wp-includes\class-wp-hook.php(327): WP_Hook->apply_filters(NULL, Array)
#3 C:\xampp\htdocs\compworld\wp-includes\plugin.php(470): WP_Hook->do_action(Array)
#4 C:\xampp\htdocs\compworld\wp-settings.php(578): do_action('init')
#5 C:\xampp\htdocs\compworld\wp-config.php(93): require_once('C:\\xampp\\htdocs...')
#6 C:\xampp\htdocs\compworld\wp-load.php(50): require_once('C:\\xampp\\htdocs...')
#7 C:\xampp\htdocs\compworld\wp-blog-header.php(13): require_once('C:\\xampp\\htdocs...')
#8 C:\xampp\htdocs\compworld\index.php(17): require('C:\\xampp\\htdocs...')
#9 {main}
  thrown in C:\xampp\htdocs\compworld\wp-content\plugins\woosidebars\classes\class-woo-sidebars.php on line 170

2021-11-03T05:59:59+00:00 CRITICAL Uncaught ValueError: Unknown format specifier "a" in C:\xampp\htdocs\compworld\wp-content\plugins\woosidebars\classes\class-woo-sidebars.php:170
Stack trace:
#0 C:\xampp\htdocs\compworld\wp-content\plugins\woosidebars\classes\class-woo-sidebars.php(170): sprintf('Search %a', 'Widget Areas')
#1 C:\xampp\htdocs\compworld\wp-includes\class-wp-hook.php(303): Woo_Sidebars->register_post_type('')
#2 C:\xampp\htdocs\compworld\wp-includes\class-wp-hook.php(327): WP_Hook->apply_filters(NULL, Array)
#3 C:\xampp\htdocs\compworld\wp-includes\plugin.php(470): WP_Hook->do_action(Array)
#4 C:\xampp\htdocs\compworld\wp-settings.php(578): do_action('init')
#5 C:\xampp\htdocs\compworld\wp-config.php(93): require_once('C:\\xampp\\htdocs...')
#6 C:\xampp\htdocs\compworld\wp-load.php(50): require_once('C:\\xampp\\htdocs...')
#7 C:\xampp\htdocs\compworld\wp-blog-header.php(13): require_once('C:\\xampp\\htdocs...')
#8 C:\xampp\htdocs\compworld\index.php(17): require('C:\\xampp\\htdocs...')
#9 {main}
  thrown in C:\xampp\htdocs\compworld\wp-content\plugins\woosidebars\classes\class-woo-sidebars.php on line 170

2021-11-03T06:04:21+00:00 CRITICAL Uncaught ValueError: Unknown format specifier "a" in C:\xampp\htdocs\compworld\wp-content\plugins\woosidebars\classes\class-woo-sidebars.php:170
Stack trace:
#0 C:\xampp\htdocs\compworld\wp-content\plugins\woosidebars\classes\class-woo-sidebars.php(170): sprintf('Search %a', 'Widget Areas')
#1 C:\xampp\htdocs\compworld\wp-includes\class-wp-hook.php(303): Woo_Sidebars->register_post_type('')
#2 C:\xampp\htdocs\compworld\wp-includes\class-wp-hook.php(327): WP_Hook->apply_filters(NULL, Array)
#3 C:\xampp\htdocs\compworld\wp-includes\plugin.php(470): WP_Hook->do_action(Array)
#4 C:\xampp\htdocs\compworld\wp-settings.php(578): do_action('init')
#5 C:\xampp\htdocs\compworld\wp-config.php(93): require_once('C:\\xampp\\htdocs...')
#6 C:\xampp\htdocs\compworld\wp-load.php(50): require_once('C:\\xampp\\htdocs...')
#7 C:\xampp\htdocs\compworld\wp-admin\admin.php(34): require_once('C:\\xampp\\htdocs...')
#8 C:\xampp\htdocs\compworld\wp-admin\plugins.php(10): require_once('C:\\xampp\\htdocs...')
#9 {main}
  thrown in C:\xampp\htdocs\compworld\wp-content\plugins\woosidebars\classes\class-woo-sidebars.php on line 170

2021-11-03T06:04:23+00:00 CRITICAL Uncaught ValueError: Unknown format specifier "a" in C:\xampp\htdocs\compworld\wp-content\plugins\woosidebars\classes\class-woo-sidebars.php:170
Stack trace:
#0 C:\xampp\htdocs\compworld\wp-content\plugins\woosidebars\classes\class-woo-sidebars.php(170): sprintf('Search %a', 'Widget Areas')
#1 C:\xampp\htdocs\compworld\wp-includes\class-wp-hook.php(303): Woo_Sidebars->register_post_type('')
#2 C:\xampp\htdocs\compworld\wp-includes\class-wp-hook.php(327): WP_Hook->apply_filters(NULL, Array)
#3 C:\xampp\htdocs\compworld\wp-includes\plugin.php(470): WP_Hook->do_action(Array)
#4 C:\xampp\htdocs\compworld\wp-settings.php(578): do_action('init')
#5 C:\xampp\htdocs\compworld\wp-config.php(93): require_once('C:\\xampp\\htdocs...')
#6 C:\xampp\htdocs\compworld\wp-load.php(50): require_once('C:\\xampp\\htdocs...')
#7 C:\xampp\htdocs\compworld\wp-admin\admin.php(34): require_once('C:\\xampp\\htdocs...')
#8 C:\xampp\htdocs\compworld\wp-admin\themes.php(10): require_once('C:\\xampp\\htdocs...')
#9 {main}
  thrown in C:\xampp\htdocs\compworld\wp-content\plugins\woosidebars\classes\class-woo-sidebars.php on line 170

2021-11-03T09:02:35+00:00 CRITICAL Uncaught ValueError: Unknown format specifier "a" in C:\xampp\htdocs\compworld\wp-content\plugins\woosidebars\classes\class-woo-sidebars.php:170
Stack trace:
#0 C:\xampp\htdocs\compworld\wp-content\plugins\woosidebars\classes\class-woo-sidebars.php(170): sprintf('Search %a', 'Widget Areas')
#1 C:\xampp\htdocs\compworld\wp-includes\class-wp-hook.php(303): Woo_Sidebars->register_post_type('')
#2 C:\xampp\htdocs\compworld\wp-includes\class-wp-hook.php(327): WP_Hook->apply_filters(NULL, Array)
#3 C:\xampp\htdocs\compworld\wp-includes\plugin.php(470): WP_Hook->do_action(Array)
#4 C:\xampp\htdocs\compworld\wp-settings.php(578): do_action('init')
#5 C:\xampp\htdocs\compworld\wp-config.php(93): require_once('C:\\xampp\\htdocs...')
#6 C:\xampp\htdocs\compworld\wp-load.php(50): require_once('C:\\xampp\\htdocs...')
#7 C:\xampp\htdocs\compworld\wp-admin\admin.php(34): require_once('C:\\xampp\\htdocs...')
#8 C:\xampp\htdocs\compworld\wp-admin\plugins.php(10): require_once('C:\\xampp\\htdocs...')
#9 {main}
  thrown in C:\xampp\htdocs\compworld\wp-content\plugins\woosidebars\classes\class-woo-sidebars.php on line 170

